TN:
SF:models\Subscription.js
FN:65,(anonymous_0)
FN:70,(anonymous_1)
FNF:2
FNH:0
FNDA:0,(anonymous_0)
FNDA:0,(anonymous_1)
DA:1,1
DA:3,1
DA:65,1
DA:66,0
DA:70,1
DA:71,0
DA:72,0
DA:73,0
DA:75,0
DA:77,0
DA:79,0
DA:80,0
DA:83,0
DA:84,0
DA:93,0
DA:103,0
DA:106,0
DA:110,1
LF:18
LH:5
BRDA:66,0,0,0
BRDA:66,0,1,0
BRDA:75,1,0,0
BRDA:75,1,1,0
BRDA:77,2,0,0
BRDA:77,2,1,0
BRDA:80,3,0,0
BRDA:80,3,1,0
BRDA:83,4,0,0
BRDA:83,4,1,0
BRDA:87,5,0,0
BRDA:87,5,1,0
BRDA:89,6,0,0
BRDA:89,6,1,0
BRF:14
BRH:0
end_of_record
TN:
SF:routes\mechanic.js
FN:10,(anonymous_0)
FN:13,(anonymous_1)
FN:18,(anonymous_2)
FN:27,(anonymous_3)
FN:28,(anonymous_4)
FN:29,(anonymous_5)
FN:30,(anonymous_6)
FN:34,(anonymous_7)
FN:37,(anonymous_8)
FN:44,(anonymous_9)
FN:47,(anonymous_10)
FN:104,(anonymous_11)
FN:109,(anonymous_12)
FN:132,(anonymous_13)
FN:156,(anonymous_14)
FN:171,(anonymous_15)
FN:188,(anonymous_16)
FN:273,(anonymous_17)
FN:355,(anonymous_18)
FN:409,(anonymous_19)
FN:464,(anonymous_20)
FN:468,(anonymous_21)
FN:482,(anonymous_22)
FN:486,(anonymous_23)
FN:498,(anonymous_24)
FN:570,(anonymous_25)
FN:571,(anonymous_26)
FN:633,(anonymous_27)
FN:655,(anonymous_28)
FN:696,(anonymous_29)
FNF:30
FNH:4
FNDA:0,(anonymous_0)
FNDA:0,(anonymous_1)
FNDA:0,(anonymous_2)
FNDA:0,(anonymous_3)
FNDA:0,(anonymous_4)
FNDA:0,(anonymous_5)
FNDA:0,(anonymous_6)
FNDA:0,(anonymous_7)
FNDA:0,(anonymous_8)
FNDA:0,(anonymous_9)
FNDA:0,(anonymous_10)
FNDA:0,(anonymous_11)
FNDA:0,(anonymous_12)
FNDA:0,(anonymous_13)
FNDA:0,(anonymous_14)
FNDA:0,(anonymous_15)
FNDA:3,(anonymous_16)
FNDA:2,(anonymous_17)
FNDA:2,(anonymous_18)
FNDA:2,(anonymous_19)
FNDA:0,(anonymous_20)
FNDA:0,(anonymous_21)
FNDA:0,(anonymous_22)
FNDA:0,(anonymous_23)
FNDA:0,(anonymous_24)
FNDA:0,(anonymous_25)
FNDA:0,(anonymous_26)
FNDA:0,(anonymous_27)
FNDA:0,(anonymous_28)
FNDA:0,(anonymous_29)
DA:1,1
DA:2,1
DA:3,1
DA:4,1
DA:5,1
DA:6,1
DA:7,1
DA:8,1
DA:10,1
DA:13,1
DA:14,0
DA:18,1
DA:19,0
DA:20,0
DA:21,0
DA:25,0
DA:27,0
DA:28,0
DA:29,0
DA:30,0
DA:33,0
DA:34,0
DA:36,0
DA:37,0
DA:41,0
DA:42,0
DA:43,0
DA:44,0
DA:46,0
DA:47,0
DA:51,0
DA:67,0
DA:81,0
DA:98,0
DA:99,0
DA:104,1
DA:105,0
DA:109,1
DA:110,0
DA:111,0
DA:115,0
DA:117,0
DA:118,0
DA:121,0
DA:122,0
DA:124,0
DA:126,0
DA:127,0
DA:132,1
DA:133,0
DA:134,0
DA:136,0
DA:137,0
DA:140,0
DA:141,0
DA:152,0
DA:153,0
DA:156,0
DA:157,0
DA:163,0
DA:164,0
DA:165,0
DA:166,0
DA:167,0
DA:168,0
DA:171,0
DA:172,0
DA:173,0
DA:180,0
DA:182,0
DA:183,0
DA:188,1
DA:189,3
DA:190,3
DA:192,3
DA:193,1
DA:194,1
DA:196,0
DA:197,0
DA:201,2
DA:202,1
DA:203,1
DA:205,0
DA:206,0
DA:210,1
DA:211,1
DA:212,1
DA:213,1
DA:216,1
DA:217,1
DA:218,1
DA:222,1
DA:226,1
DA:227,1
DA:228,1
DA:233,1
DA:234,1
DA:235,1
DA:240,1
DA:241,1
DA:256,1
DA:257,1
DA:260,0
DA:261,0
DA:263,0
DA:264,0
DA:265,0
DA:267,0
DA:268,0
DA:273,1
DA:274,2
DA:275,2
DA:277,2
DA:278,0
DA:279,0
DA:281,0
DA:282,0
DA:286,2
DA:287,1
DA:288,1
DA:290,0
DA:291,0
DA:295,1
DA:296,0
DA:297,0
DA:299,0
DA:300,0
DA:304,1
DA:305,1
DA:306,1
DA:309,1
DA:310,1
DA:311,1
DA:316,1
DA:317,1
DA:318,1
DA:323,1
DA:324,1
DA:338,1
DA:339,1
DA:342,0
DA:343,0
DA:345,0
DA:346,0
DA:347,0
DA:349,0
DA:350,0
DA:355,1
DA:356,2
DA:357,2
DA:359,2
DA:360,1
DA:361,1
DA:363,0
DA:364,0
DA:367,1
DA:369,1
DA:370,0
DA:371,0
DA:373,0
DA:374,0
DA:378,1
DA:379,0
DA:380,0
DA:382,0
DA:383,0
DA:387,1
DA:388,0
DA:389,0
DA:391,0
DA:392,0
DA:396,1
DA:397,1
DA:398,1
DA:399,1
DA:400,1
DA:403,1
DA:404,1
DA:405,1
DA:406,1
DA:407,1
DA:409,1
DA:410,2
DA:411,2
DA:418,0
DA:427,1
DA:428,1
DA:444,0
DA:447,1
DA:448,1
DA:451,0
DA:452,0
DA:454,0
DA:455,0
DA:456,0
DA:458,0
DA:459,0
DA:464,1
DA:465,0
DA:468,1
DA:469,0
DA:470,0
DA:473,0
DA:474,0
DA:476,0
DA:477,0
DA:482,1
DA:483,0
DA:486,1
DA:487,0
DA:488,0
DA:489,0
DA:490,0
DA:492,0
DA:493,0
DA:498,1
DA:499,0
DA:500,0
DA:512,0
DA:514,0
DA:515,0
DA:517,0
DA:518,0
DA:519,0
DA:520,0
DA:522,0
DA:526,0
DA:532,0
DA:535,0
DA:543,0
DA:544,0
DA:549,0
DA:550,0
DA:554,0
DA:568,0
DA:570,0
DA:571,0
DA:580,0
DA:581,0
DA:582,0
DA:583,0
DA:584,0
DA:586,0
DA:591,0
DA:592,0
DA:596,0
DA:609,0
DA:610,0
DA:617,0
DA:618,0
DA:620,0
DA:621,0
DA:622,0
DA:627,0
DA:628,0
DA:633,1
DA:634,0
DA:635,0
DA:637,0
DA:638,0
DA:640,0
DA:646,0
DA:648,0
DA:649,0
DA:650,0
DA:655,1
DA:656,0
DA:657,0
DA:659,0
DA:660,0
DA:663,0
DA:664,0
DA:667,0
DA:668,0
DA:671,0
DA:672,0
DA:673,0
DA:676,0
DA:677,0
DA:678,0
DA:681,0
DA:682,0
DA:683,0
DA:685,0
DA:687,0
DA:688,0
DA:693,1
DA:696,1
DA:697,0
DA:698,0
DA:699,0
DA:701,0
DA:702,0
DA:706,1
LF:294
LH:99
BRDA:10,0,0,0
BRDA:34,1,0,0
BRDA:34,1,1,0
BRDA:34,1,2,0
BRDA:37,2,0,0
BRDA:37,2,1,0
BRDA:47,3,0,0
BRDA:47,3,1,0
BRDA:51,4,0,0
BRDA:51,4,1,0
BRDA:51,5,0,0
BRDA:51,5,1,0
BRDA:67,6,0,0
BRDA:67,6,1,0
BRDA:67,7,0,0
BRDA:67,7,1,0
BRDA:92,8,0,0
BRDA:92,8,1,0
BRDA:93,9,0,0
BRDA:93,9,1,0
BRDA:94,10,0,0
BRDA:94,10,1,0
BRDA:115,11,0,0
BRDA:115,11,1,0
BRDA:117,12,0,0
BRDA:117,12,1,0
BRDA:117,13,0,0
BRDA:117,13,1,0
BRDA:124,14,0,0
BRDA:124,14,1,0
BRDA:124,15,0,0
BRDA:124,15,1,0
BRDA:124,16,0,0
BRDA:124,16,1,0
BRDA:134,17,0,0
BRDA:134,17,1,0
BRDA:136,18,0,0
BRDA:136,18,1,0
BRDA:152,19,0,0
BRDA:152,19,1,0
BRDA:166,20,0,0
BRDA:166,20,1,0
BRDA:167,21,0,0
BRDA:167,21,1,0
BRDA:172,22,0,0
BRDA:172,22,1,0
BRDA:192,23,0,1
BRDA:192,23,1,2
BRDA:193,24,0,1
BRDA:193,24,1,0
BRDA:201,25,0,1
BRDA:201,25,1,1
BRDA:202,26,0,1
BRDA:202,26,1,0
BRDA:217,27,0,1
BRDA:217,27,1,0
BRDA:227,28,0,1
BRDA:227,28,1,0
BRDA:234,29,0,1
BRDA:234,29,1,0
BRDA:240,30,0,1
BRDA:240,30,1,0
BRDA:240,31,0,1
BRDA:240,31,1,1
BRDA:256,32,0,1
BRDA:256,32,1,0
BRDA:264,33,0,0
BRDA:264,33,1,0
BRDA:277,34,0,0
BRDA:277,34,1,2
BRDA:278,35,0,0
BRDA:278,35,1,0
BRDA:286,36,0,1
BRDA:286,36,1,1
BRDA:287,37,0,1
BRDA:287,37,1,0
BRDA:295,38,0,0
BRDA:295,38,1,1
BRDA:296,39,0,0
BRDA:296,39,1,0
BRDA:310,40,0,1
BRDA:310,40,1,0
BRDA:317,41,0,1
BRDA:317,41,1,0
BRDA:323,42,0,1
BRDA:323,42,1,0
BRDA:323,43,0,1
BRDA:323,43,1,1
BRDA:338,44,0,1
BRDA:338,44,1,0
BRDA:346,45,0,0
BRDA:346,45,1,0
BRDA:359,46,0,1
BRDA:359,46,1,1
BRDA:360,47,0,1
BRDA:360,47,1,0
BRDA:369,48,0,0
BRDA:369,48,1,1
BRDA:370,49,0,0
BRDA:370,49,1,0
BRDA:378,50,0,0
BRDA:378,50,1,1
BRDA:379,51,0,0
BRDA:379,51,1,0
BRDA:387,52,0,0
BRDA:387,52,1,1
BRDA:388,53,0,0
BRDA:388,53,1,0
BRDA:405,54,0,1
BRDA:405,54,1,0
BRDA:407,55,0,1
BRDA:407,55,1,0
BRDA:427,56,0,1
BRDA:427,56,1,0
BRDA:447,57,0,1
BRDA:447,57,1,0
BRDA:455,58,0,0
BRDA:455,58,1,0
BRDA:474,59,0,0
BRDA:474,59,1,0
BRDA:474,60,0,0
BRDA:474,60,1,0
BRDA:474,61,0,0
BRDA:474,61,1,0
BRDA:490,62,0,0
BRDA:490,62,1,0
BRDA:490,63,0,0
BRDA:490,63,1,0
BRDA:490,64,0,0
BRDA:490,64,1,0
BRDA:518,65,0,0
BRDA:518,65,1,0
BRDA:526,66,0,0
BRDA:526,66,1,0
BRDA:528,67,0,0
BRDA:528,67,1,0
BRDA:530,68,0,0
BRDA:530,68,1,0
BRDA:532,69,0,0
BRDA:532,69,1,0
BRDA:532,69,2,0
BRDA:535,70,0,0
BRDA:535,70,1,0
BRDA:536,71,0,0
BRDA:536,71,1,0
BRDA:536,71,2,0
BRDA:536,71,3,0
BRDA:536,71,4,0
BRDA:536,71,5,0
BRDA:543,72,0,0
BRDA:543,72,1,0
BRDA:560,73,0,0
BRDA:560,73,1,0
BRDA:561,74,0,0
BRDA:561,74,1,0
BRDA:568,75,0,0
BRDA:568,75,1,0
BRDA:570,76,0,0
BRDA:570,76,1,0
BRDA:570,76,2,0
BRDA:570,76,3,0
BRDA:570,76,4,0
BRDA:572,77,0,0
BRDA:572,77,1,0
BRDA:573,78,0,0
BRDA:573,78,1,0
BRDA:574,79,0,0
BRDA:574,79,1,0
BRDA:575,80,0,0
BRDA:575,80,1,0
BRDA:576,81,0,0
BRDA:576,81,1,0
BRDA:580,82,0,0
BRDA:580,82,1,0
BRDA:584,83,0,0
BRDA:584,83,1,0
BRDA:599,84,0,0
BRDA:599,84,1,0
BRDA:609,85,0,0
BRDA:609,85,1,0
BRDA:621,86,0,0
BRDA:621,86,1,0
BRDA:643,87,0,0
BRDA:643,87,1,0
BRDA:659,88,0,0
BRDA:659,88,1,0
BRDA:659,89,0,0
BRDA:659,89,1,0
BRDA:659,89,2,0
BRDA:663,90,0,0
BRDA:663,90,1,0
BRDA:667,91,0,0
BRDA:667,91,1,0
BRDA:672,92,0,0
BRDA:672,92,1,0
BRDA:677,93,0,0
BRDA:677,93,1,0
BRF:197
BRH:34
end_of_record
TN:
SF:services\analyticsService.js
FN:12,(anonymous_0)
FN:27,(anonymous_1)
FN:76,(anonymous_2)
FN:154,(anonymous_3)
FN:207,(anonymous_4)
FN:249,(anonymous_5)
FN:322,(anonymous_6)
FN:334,(anonymous_7)
FN:641,(anonymous_8)
FN:756,(anonymous_9)
FN:757,(anonymous_10)
FNF:11
FNH:0
FNDA:0,(anonymous_0)
FNDA:0,(anonymous_1)
FNDA:0,(anonymous_2)
FNDA:0,(anonymous_3)
FNDA:0,(anonymous_4)
FNDA:0,(anonymous_5)
FNDA:0,(anonymous_6)
FNDA:0,(anonymous_7)
FNDA:0,(anonymous_8)
FNDA:0,(anonymous_9)
FNDA:0,(anonymous_10)
DA:6,1
DA:7,1
DA:8,1
DA:9,1
DA:10,1
DA:12,1
DA:13,0
DA:14,0
DA:16,0
DA:17,0
DA:19,0
DA:27,1
DA:28,0
DA:70,0
DA:76,1
DA:77,0
DA:148,0
DA:154,1
DA:155,0
DA:201,0
DA:207,1
DA:208,0
DA:209,0
DA:210,0
DA:212,0
DA:243,0
DA:249,1
DA:250,0
DA:306,0
DA:307,0
DA:309,0
DA:322,0
DA:334,1
DA:335,0
DA:336,0
DA:337,0
DA:364,0
DA:613,0
DA:615,0
DA:641,1
DA:642,0
DA:643,0
DA:644,0
DA:657,0
DA:756,0
DA:757,0
DA:759,0
DA:772,1
LF:48
LH:14
BRDA:13,0,0,0
BRDA:13,0,1,0
BRDA:14,1,0,0
BRDA:14,1,1,0
BRDA:16,2,0,0
BRDA:16,2,1,0
BRDA:16,3,0,0
BRDA:16,3,1,0
BRDA:17,4,0,0
BRDA:17,4,1,0
BRDA:27,5,0,0
BRDA:76,6,0,0
BRDA:154,7,0,0
BRDA:207,8,0,0
BRDA:306,9,0,0
BRDA:306,9,1,0
BRDA:307,10,0,0
BRDA:307,10,1,0
BRDA:310,11,0,0
BRDA:310,11,1,0
BRDA:311,12,0,0
BRDA:311,12,1,0
BRDA:312,13,0,0
BRDA:312,13,1,0
BRDA:313,14,0,0
BRDA:313,14,1,0
BRDA:316,15,0,0
BRDA:316,15,1,0
BRDA:319,16,0,0
BRDA:319,16,1,0
BRDA:320,17,0,0
BRDA:320,17,1,0
BRDA:336,18,0,0
BRDA:336,18,1,0
BRDA:613,19,0,0
BRDA:613,19,1,0
BRDA:623,20,0,0
BRDA:623,20,1,0
BRDA:624,21,0,0
BRDA:624,21,1,0
BRDA:625,22,0,0
BRDA:625,22,1,0
BRDA:626,23,0,0
BRDA:626,23,1,0
BRDA:629,24,0,0
BRDA:629,24,1,0
BRDA:630,25,0,0
BRDA:630,25,1,0
BRDA:631,26,0,0
BRDA:631,26,1,0
BRDA:643,27,0,0
BRDA:643,27,1,0
BRDA:766,28,0,0
BRDA:766,28,1,0
BRDA:767,29,0,0
BRDA:767,29,1,0
BRF:56
BRH:0
end_of_record
